<?xml version="1.0" encoding="UTF-8"?>
<!-- Generated by org.testng.reporters.JUnitXMLReporter -->
<testsuite ignored="8" hostname="Arun" failures="1" tests="8" name="Test" time="81.936" errors="0" timestamp="2025-05-22T14:31:45 IST">
  <testcase classname="test.TC_001_SignupTest" name="signupTest" time="1.776"/>
  <testcase classname="test.TC_002_LoginTest" name="loginTest" time="1.521"/>
  <testcase classname="test.TC_002_LoginTest" name="loginTest" time="1.465"/>
  <testcase classname="test.TC_002_LoginTest" name="loginTest" time="1.184"/>
  <testcase classname="test.TC_002_LoginTest" name="loginTest" time="1.227"/>
  <testcase classname="test.TC_003_ContactAdditionTest" name="contactTest" time="2.714">
    <failure type="java.lang.AssertionError" message="New contact not added with the mandatory fields expected [Contact List] but found [Add Contact]">
      <![CDATA[java.lang.AssertionError: New contact not added with the mandatory fields expected [Contact List] but found [Add Contact]
at pages.ContactPage.validateWithMandatoryFields(ContactPage.java:58)
at test.TC_003_ContactAdditionTest.contactTest(TC_003_ContactAdditionTest.java:34)
at java.base/java.util.ArrayList.forEach(ArrayList.java:1597)
... Removed 30 stack frames]]>
    </failure>
  </testcase> <!-- contactTest -->
  <testcase classname="test.TC_007_LogoutTest" name="LogoutTest" time="3.781"/>
  <testcase classname="test.TC_006_ContactDeleteTest" name="ContactDeletionTest" time="25.806"/>
  <testcase classname="base.ProjectSpecificationMethods" name="@AfterSuite closeReport" time="0.0">
    <ignored/>
  </testcase> <!-- @AfterSuite closeReport -->
  <testcase classname="base.ProjectSpecificationMethods" name="@BeforeSuite reportInitialization" time="0.0">
    <ignored/>
  </testcase> <!-- @BeforeSuite reportInitialization -->
  <testcase classname="base.ProjectSpecificationMethods" name="@BeforeSuite reportInitialization" time="0.0">
    <ignored/>
  </testcase> <!-- @BeforeSuite reportInitialization -->
  <testcase classname="base.ProjectSpecificationMethods" name="@AfterSuite closeReport" time="0.0">
    <ignored/>
  </testcase> <!-- @AfterSuite closeReport -->
  <testcase classname="base.ProjectSpecificationMethods" name="@BeforeSuite reportInitialization" time="0.0">
    <ignored/>
  </testcase> <!-- @BeforeSuite reportInitialization -->
  <testcase classname="base.ProjectSpecificationMethods" name="@BeforeSuite reportInitialization" time="0.0">
    <ignored/>
  </testcase> <!-- @BeforeSuite reportInitialization -->
  <testcase classname="base.ProjectSpecificationMethods" name="@AfterSuite closeReport" time="0.0">
    <ignored/>
  </testcase> <!-- @AfterSuite closeReport -->
  <testcase classname="base.ProjectSpecificationMethods" name="@AfterSuite closeReport" time="0.0">
    <ignored/>
  </testcase> <!-- @AfterSuite closeReport -->
</testsuite> <!-- Test -->
