<?xml version="1.0" encoding="UTF-8"?>
<testng-results ignored="0" total="1" passed="0" failed="1" skipped="0">
  <reporter-output>
  </reporter-output>
  <suite started-at="2025-05-21T16:17:33 IST" name="Suite" finished-at="2025-05-21T16:17:40 IST" duration-ms="7180">
    <groups>
    </groups>
    <test started-at="2025-05-21T16:17:33 IST" name="Test" finished-at="2025-05-21T16:17:40 IST" duration-ms="7180">
      <class name="test.TC_003_ContactAdditionTest">
        <test-method is-config="true" signature="reportInitialization()[pri:0, instance:test.TC_003_ContactAdditionTest@548e6d58]" started-at="2025-05-21T16:17:33 IST" name="reportInitialization" finished-at="2025-05-21T16:17:33 IST" duration-ms="257" status="PASS">
          <reporter-output>
          </reporter-output>
        </test-method> <!-- reportInitialization -->
        <test-method is-config="true" signature="setup()[pri:0, instance:test.TC_003_ContactAdditionTest@548e6d58]" started-at="2025-05-21T16:17:33 IST" name="setup" finished-at="2025-05-21T16:17:33 IST" duration-ms="1" status="PASS">
          <reporter-output>
          </reporter-output>
        </test-method> <!-- setup -->
        <test-method is-config="true" signature="testDetails()[pri:0, instance:test.TC_003_ContactAdditionTest@548e6d58]" started-at="2025-05-21T16:17:33 IST" name="testDetails" finished-at="2025-05-21T16:17:33 IST" duration-ms="8" status="PASS">
          <reporter-output>
          </reporter-output>
        </test-method> <!-- testDetails -->
        <test-method is-config="true" signature="launchBrowser(java.lang.String)[pri:0, instance:test.TC_003_ContactAdditionTest@548e6d58]" started-at="2025-05-21T16:17:33 IST" name="launchBrowser" finished-at="2025-05-21T16:17:37 IST" duration-ms="4093" status="PASS">
          <params>
            <param index="0">
              <value>
                <![CDATA[https://thinking-tester-contact-list.herokuapp.com/]]>
              </value>
            </param>
          </params>
          <reporter-output>
          </reporter-output>
        </test-method> <!-- launchBrowser -->
        <test-method signature="contactTest()[pri:0, instance:test.TC_003_ContactAdditionTest@548e6d58]" started-at="2025-05-21T16:17:37 IST" name="contactTest" finished-at="2025-05-21T16:17:40 IST" duration-ms="2490" status="FAIL">
          <exception class="java.lang.AssertionError">
            <message>
              <![CDATA[New contact not added with the mandatory fields expected [Contact List] but found [Add Contact]]]>
            </message>
            <full-stacktrace>
              <![CDATA[java.lang.AssertionError: New contact not added with the mandatory fields expected [Contact List] but found [Add Contact]
at org.testng.Assert.fail(Assert.java:111)
at org.testng.Assert.failNotEquals(Assert.java:1590)
at org.testng.Assert.assertEqualsImpl(Assert.java:150)
at org.testng.Assert.assertEquals(Assert.java:132)
at org.testng.Assert.assertEquals(Assert.java:656)
at pages.ContactPage.validateWithMandatoryFields(ContactPage.java:58)
at test.TC_003_ContactAdditionTest.contactTest(TC_003_ContactAdditionTest.java:34)
at java.base/jdk.internal.reflect.DirectMethodHandleAccessor.invoke(DirectMethodHandleAccessor.java:103)
at java.base/java.lang.reflect.Method.invoke(Method.java:580)
at org.testng.internal.invokers.MethodInvocationHelper.invokeMethod(MethodInvocationHelper.java:141)
at org.testng.internal.invokers.TestInvoker.invokeMethod(TestInvoker.java:687)
at org.testng.internal.invokers.TestInvoker.invokeTestMethod(TestInvoker.java:230)
at org.testng.internal.invokers.MethodRunner.runInSequence(MethodRunner.java:63)
at org.testng.internal.invokers.TestInvoker$MethodInvocationAgent.invoke(TestInvoker.java:995)
at org.testng.internal.invokers.TestInvoker.invokeTestMethods(TestInvoker.java:203)
at org.testng.internal.invokers.TestMethodWorker.invokeTestMethods(TestMethodWorker.java:154)
at org.testng.internal.invokers.TestMethodWorker.run(TestMethodWorker.java:134)
at java.base/java.util.ArrayList.forEach(ArrayList.java:1597)
at org.testng.TestRunner.privateRun(TestRunner.java:741)
at org.testng.TestRunner.run(TestRunner.java:616)
at org.testng.SuiteRunner.runTest(SuiteRunner.java:421)
at org.testng.SuiteRunner.runSequentially(SuiteRunner.java:413)
at org.testng.SuiteRunner.privateRun(SuiteRunner.java:373)
at org.testng.SuiteRunner.run(SuiteRunner.java:312)
at org.testng.SuiteRunnerWorker.runSuite(SuiteRunnerWorker.java:52)
at org.testng.SuiteRunnerWorker.run(SuiteRunnerWorker.java:95)
at org.testng.TestNG.runSuitesSequentially(TestNG.java:1274)
at org.testng.TestNG.runSuitesLocally(TestNG.java:1208)
at org.testng.TestNG.runSuites(TestNG.java:1112)
at org.testng.TestNG.run(TestNG.java:1079)
at org.testng.remote.AbstractRemoteTestNG.run(AbstractRemoteTestNG.java:115)
at org.testng.remote.RemoteTestNG.initAndRun(RemoteTestNG.java:293)
at org.testng.remote.RemoteTestNG.main(RemoteTestNG.java:91)
]]>
            </full-stacktrace>
          </exception> <!-- java.lang.AssertionError -->
          <reporter-output>
          </reporter-output>
        </test-method> <!-- contactTest -->
        <test-method is-config="true" signature="closeBrowser()[pri:0, instance:test.TC_003_ContactAdditionTest@548e6d58]" started-at="2025-05-21T16:17:40 IST" name="closeBrowser" finished-at="2025-05-21T16:17:40 IST" duration-ms="339" status="PASS">
          <reporter-output>
          </reporter-output>
        </test-method> <!-- closeBrowser -->
        <test-method is-config="true" signature="closeReport()[pri:0, instance:test.TC_003_ContactAdditionTest@548e6d58]" started-at="2025-05-21T16:17:41 IST" name="closeReport" finished-at="2025-05-21T16:17:42 IST" duration-ms="1033" status="PASS">
          <reporter-output>
          </reporter-output>
        </test-method> <!-- closeReport -->
      </class> <!-- test.TC_003_ContactAdditionTest -->
    </test> <!-- Test -->
  </suite> <!-- Suite -->
</testng-results>
